<?xml version="1.0" encoding="UTF-8"?>
<!-- Generated by org.testng.reporters.JUnitReportReporter -->
<testsuite hostname="DESKTOP-O5S6MJO" failures="0" tests="5" name="testRunner.Runner" time="73.658" errors="0" timestamp="2024-09-09T22:12:13 IST" skipped="0">
  <testcase classname="testRunner.Runner" name="runScenario" time="14.807">
    <system-out>
      <![CDATA[<div "result">Launch Browser (PASSED : 1s)</div>
<div "result">Launch Url (PASSED : 1s)</div>
<div "result">Wait for Username with &quot;xpath&quot; and &quot;&#x2F;&#x2F;input[@id=&#x27;username&#x27;]&quot; (PASSED : 0s)</div>
<div "result">Enter username with &quot;xpath&quot; and &quot;&#x2F;&#x2F;input[@id=&#x27;username&#x27;]&quot; and &quot;admin&quot; (PASSED : 0s)</div>
<div "result">Enter password with &quot;xpath&quot; and &quot;&#x2F;&#x2F;input[@id=&#x27;password&#x27;]&quot; and &quot;master&quot; (PASSED : 0s)</div>
<div "result">Click login button with &quot;id&quot; and &quot;btnsubmit&quot; (PASSED : 0s)</div>
<div "result">wait for logout link with &quot;xpath&quot; and &quot;(&#x2F;&#x2F;a[starts-with(text(),&#x27; Logout&#x27;)])[2]&quot; (PASSED : 0s)</div>
<div "result">Wait for Supplier link with &quot;xpath&quot; and &quot;(&#x2F;&#x2F;a[contains(text(),&#x27;Suppliers&#x27;)])[2]&quot; (PASSED : 0s)</div>
<div "result">Click Supplier link with &quot;xpath&quot; and &quot;(&#x2F;&#x2F;a[contains(text(),&#x27;Suppliers&#x27;)])[2]&quot; (PASSED : 0s)</div>
<div "result">Wait for Add icon with &quot;xpath&quot; and &quot;(&#x2F;&#x2F;span[@data-caption=&#x27;Add&#x27;])[1]&quot; (PASSED : 0s)</div>
<div "result">Click Add icon button with &quot;xpath&quot; and &quot;(&#x2F;&#x2F;span[@data-caption=&#x27;Add&#x27;])[1]&quot; (PASSED : 0s)</div>
<div "result">Wait for Supplier Number with &quot;name&quot; and &quot;x_Supplier_Number&quot; (PASSED : 0s)</div>
<div "result">Capture Supplier Number with &quot;name&quot; and &quot;x_Supplier_Number&quot; (PASSED : 0s)</div>
<div "result">Enter in &quot;selenim41&quot; with &quot;id&quot; and &quot;x_Supplier_Name&quot; (PASSED : 0s)</div>
<div "result">Enter in &quot;srnagar71&quot; with &quot;xpath&quot; and &quot;&#x2F;&#x2F;*[@id=&#x27;x_Address&#x27;]&quot; (PASSED : 0s)</div>
<div "result">Enter in &quot;Hyderabad&quot; with &quot;xpath&quot; and &quot;&#x2F;&#x2F;*[@id=&#x27;x_City&#x27;]&quot; (PASSED : 0s)</div>
<div "result">Enter in &quot;India&quot; with &quot;xpath&quot; and &quot;&#x2F;&#x2F;*[@id=&#x27;x_Country&#x27;]&quot; (PASSED : 0s)</div>
<div "result">Enter in &quot;Qedge351&quot; with &quot;xpath&quot; and &quot;&#x2F;&#x2F;*[@id=&#x27;x_Contact_Person&#x27;]&quot; (PASSED : 0s)</div>
<div "result">Enter in &quot;6547895412&quot; with &quot;xpath&quot; and &quot;&#x2F;&#x2F;*[@id=&#x27;x_Phone_Number&#x27;]&quot; (PASSED : 0s)</div>
<div "result">Enter in &quot;test@gmail.com&quot; with &quot;xpath&quot; and &quot;&#x2F;&#x2F;*[@id=&#x27;x__Email&#x27;]&quot; (PASSED : 0s)</div>
<div "result">Enter in &quot;6321456987&quot; with &quot;xpath&quot; and &quot;&#x2F;&#x2F;*[@id=&#x27;x_Mobile_Number&#x27;]&quot; (PASSED : 0s)</div>
<div "result">Enter in &quot;New Supplier Adding&quot; with &quot;xpath&quot; and &quot;&#x2F;&#x2F;*[@id=&#x27;x_Notes&#x27;]&quot; (PASSED : 0s)</div>
<div "result">click add button with &quot;id&quot; and &quot;btnAction&quot; (PASSED : 0s)</div>
<div "result">Wait for Confirm ok button with &quot;xpath&quot; and &quot;&#x2F;&#x2F;button[normalize-space()=&#x27;OK!&#x27;]&quot; (PASSED : 0s)</div>
<div "result">Click confirm ok button with &quot;xpath&quot; and &quot;&#x2F;&#x2F;button[normalize-space()=&#x27;OK!&#x27;]&quot; (PASSED : 0s)</div>
<div "result">Wait for alert ok button with &quot;xpath&quot; and &quot;(&#x2F;&#x2F;button[starts-with(text(),&#x27;OK&#x27;)])[6]&quot; (PASSED : 0s)</div>
<div "result">Click Alert ok button with &quot;xpath&quot; and &quot;(&#x2F;&#x2F;button[starts-with(text(),&#x27;OK&#x27;)])[6]&quot; (PASSED : 0s)</div>
Supplier-00000005148      Supplier-00000005148
<div "result">Verify Supplier Number (PASSED : 3s)</div>
<div "result">click logout with &quot;xpath&quot; and &quot;(&#x2F;&#x2F;a[starts-with(text(),&#x27; Logout&#x27;)])[2]&quot; (PASSED : 0s)</div>
<div "result">Close Browser (PASSED : 0s)</div>]]>
    </system-out>
  </testcase> <!-- runScenario -->
  <testcase classname="testRunner.Runner" name="runScenario" time="14.276">
    <system-out>
      <![CDATA[<div "result">Launch Browser (PASSED : 1s)</div>
<div "result">Launch Url (PASSED : 1s)</div>
<div "result">Wait for Username with &quot;xpath&quot; and &quot;&#x2F;&#x2F;input[@id=&#x27;username&#x27;]&quot; (PASSED : 0s)</div>
<div "result">Enter username with &quot;xpath&quot; and &quot;&#x2F;&#x2F;input[@id=&#x27;username&#x27;]&quot; and &quot;admin&quot; (PASSED : 0s)</div>
<div "result">Enter password with &quot;xpath&quot; and &quot;&#x2F;&#x2F;input[@id=&#x27;password&#x27;]&quot; and &quot;master&quot; (PASSED : 0s)</div>
<div "result">Click login button with &quot;id&quot; and &quot;btnsubmit&quot; (PASSED : 0s)</div>
<div "result">wait for logout link with &quot;xpath&quot; and &quot;(&#x2F;&#x2F;a[starts-with(text(),&#x27; Logout&#x27;)])[2]&quot; (PASSED : 0s)</div>
<div "result">Wait for Supplier link with &quot;xpath&quot; and &quot;(&#x2F;&#x2F;a[contains(text(),&#x27;Suppliers&#x27;)])[2]&quot; (PASSED : 0s)</div>
<div "result">Click Supplier link with &quot;xpath&quot; and &quot;(&#x2F;&#x2F;a[contains(text(),&#x27;Suppliers&#x27;)])[2]&quot; (PASSED : 0s)</div>
<div "result">Wait for Add icon with &quot;xpath&quot; and &quot;(&#x2F;&#x2F;span[@data-caption=&#x27;Add&#x27;])[1]&quot; (PASSED : 0s)</div>
<div "result">Click Add icon button with &quot;xpath&quot; and &quot;(&#x2F;&#x2F;span[@data-caption=&#x27;Add&#x27;])[1]&quot; (PASSED : 0s)</div>
<div "result">Wait for Supplier Number with &quot;name&quot; and &quot;x_Supplier_Number&quot; (PASSED : 0s)</div>
<div "result">Capture Supplier Number with &quot;name&quot; and &quot;x_Supplier_Number&quot; (PASSED : 0s)</div>
<div "result">Enter in &quot;selenim132&quot; with &quot;id&quot; and &quot;x_Supplier_Name&quot; (PASSED : 0s)</div>
<div "result">Enter in &quot;srnagar51&quot; with &quot;xpath&quot; and &quot;&#x2F;&#x2F;*[@id=&#x27;x_Address&#x27;]&quot; (PASSED : 0s)</div>
<div "result">Enter in &quot;Hyderabad&quot; with &quot;xpath&quot; and &quot;&#x2F;&#x2F;*[@id=&#x27;x_City&#x27;]&quot; (PASSED : 0s)</div>
<div "result">Enter in &quot;India&quot; with &quot;xpath&quot; and &quot;&#x2F;&#x2F;*[@id=&#x27;x_Country&#x27;]&quot; (PASSED : 0s)</div>
<div "result">Enter in &quot;Qedge371&quot; with &quot;xpath&quot; and &quot;&#x2F;&#x2F;*[@id=&#x27;x_Contact_Person&#x27;]&quot; (PASSED : 0s)</div>
<div "result">Enter in &quot;6547895412&quot; with &quot;xpath&quot; and &quot;&#x2F;&#x2F;*[@id=&#x27;x_Phone_Number&#x27;]&quot; (PASSED : 0s)</div>
<div "result">Enter in &quot;test@gmail.com&quot; with &quot;xpath&quot; and &quot;&#x2F;&#x2F;*[@id=&#x27;x__Email&#x27;]&quot; (PASSED : 0s)</div>
<div "result">Enter in &quot;6321456987&quot; with &quot;xpath&quot; and &quot;&#x2F;&#x2F;*[@id=&#x27;x_Mobile_Number&#x27;]&quot; (PASSED : 0s)</div>
<div "result">Enter in &quot;New Supplier Adding&quot; with &quot;xpath&quot; and &quot;&#x2F;&#x2F;*[@id=&#x27;x_Notes&#x27;]&quot; (PASSED : 0s)</div>
<div "result">click add button with &quot;id&quot; and &quot;btnAction&quot; (PASSED : 0s)</div>
<div "result">Wait for Confirm ok button with &quot;xpath&quot; and &quot;&#x2F;&#x2F;button[normalize-space()=&#x27;OK!&#x27;]&quot; (PASSED : 0s)</div>
<div "result">Click confirm ok button with &quot;xpath&quot; and &quot;&#x2F;&#x2F;button[normalize-space()=&#x27;OK!&#x27;]&quot; (PASSED : 0s)</div>
<div "result">Wait for alert ok button with &quot;xpath&quot; and &quot;(&#x2F;&#x2F;button[starts-with(text(),&#x27;OK&#x27;)])[6]&quot; (PASSED : 0s)</div>
<div "result">Click Alert ok button with &quot;xpath&quot; and &quot;(&#x2F;&#x2F;button[starts-with(text(),&#x27;OK&#x27;)])[6]&quot; (PASSED : 0s)</div>
Supplier-00000005150      Supplier-00000005150
<div "result">Verify Supplier Number (PASSED : 3s)</div>
<div "result">click logout with &quot;xpath&quot; and &quot;(&#x2F;&#x2F;a[starts-with(text(),&#x27; Logout&#x27;)])[2]&quot; (PASSED : 0s)</div>
<div "result">Close Browser (PASSED : 0s)</div>]]>
    </system-out>
  </testcase> <!-- runScenario -->
  <testcase classname="testRunner.Runner" name="runScenario" time="15.873">
    <system-out>
      <![CDATA[<div "result">Launch Browser (PASSED : 3s)</div>
<div "result">Launch Url (PASSED : 1s)</div>
<div "result">Wait for Username with &quot;xpath&quot; and &quot;&#x2F;&#x2F;input[@id=&#x27;username&#x27;]&quot; (PASSED : 0s)</div>
<div "result">Enter username with &quot;xpath&quot; and &quot;&#x2F;&#x2F;input[@id=&#x27;username&#x27;]&quot; and &quot;admin&quot; (PASSED : 0s)</div>
<div "result">Enter password with &quot;xpath&quot; and &quot;&#x2F;&#x2F;input[@id=&#x27;password&#x27;]&quot; and &quot;master&quot; (PASSED : 0s)</div>
<div "result">Click login button with &quot;id&quot; and &quot;btnsubmit&quot; (PASSED : 0s)</div>
<div "result">wait for logout link with &quot;xpath&quot; and &quot;(&#x2F;&#x2F;a[starts-with(text(),&#x27; Logout&#x27;)])[2]&quot; (PASSED : 0s)</div>
<div "result">Wait for Supplier link with &quot;xpath&quot; and &quot;(&#x2F;&#x2F;a[contains(text(),&#x27;Suppliers&#x27;)])[2]&quot; (PASSED : 0s)</div>
<div "result">Click Supplier link with &quot;xpath&quot; and &quot;(&#x2F;&#x2F;a[contains(text(),&#x27;Suppliers&#x27;)])[2]&quot; (PASSED : 0s)</div>
<div "result">Wait for Add icon with &quot;xpath&quot; and &quot;(&#x2F;&#x2F;span[@data-caption=&#x27;Add&#x27;])[1]&quot; (PASSED : 0s)</div>
<div "result">Click Add icon button with &quot;xpath&quot; and &quot;(&#x2F;&#x2F;span[@data-caption=&#x27;Add&#x27;])[1]&quot; (PASSED : 0s)</div>
<div "result">Wait for Supplier Number with &quot;name&quot; and &quot;x_Supplier_Number&quot; (PASSED : 0s)</div>
<div "result">Capture Supplier Number with &quot;name&quot; and &quot;x_Supplier_Number&quot; (PASSED : 0s)</div>
<div "result">Enter in &quot;selenim1&quot; with &quot;id&quot; and &quot;x_Supplier_Name&quot; (PASSED : 0s)</div>
<div "result">Enter in &quot;srnagar1&quot; with &quot;xpath&quot; and &quot;&#x2F;&#x2F;*[@id=&#x27;x_Address&#x27;]&quot; (PASSED : 0s)</div>
<div "result">Enter in &quot;Hyderabad&quot; with &quot;xpath&quot; and &quot;&#x2F;&#x2F;*[@id=&#x27;x_City&#x27;]&quot; (PASSED : 0s)</div>
<div "result">Enter in &quot;India&quot; with &quot;xpath&quot; and &quot;&#x2F;&#x2F;*[@id=&#x27;x_Country&#x27;]&quot; (PASSED : 0s)</div>
<div "result">Enter in &quot;Qedge31&quot; with &quot;xpath&quot; and &quot;&#x2F;&#x2F;*[@id=&#x27;x_Contact_Person&#x27;]&quot; (PASSED : 0s)</div>
<div "result">Enter in &quot;6547895412&quot; with &quot;xpath&quot; and &quot;&#x2F;&#x2F;*[@id=&#x27;x_Phone_Number&#x27;]&quot; (PASSED : 0s)</div>
<div "result">Enter in &quot;test@gmail.com&quot; with &quot;xpath&quot; and &quot;&#x2F;&#x2F;*[@id=&#x27;x__Email&#x27;]&quot; (PASSED : 0s)</div>
<div "result">Enter in &quot;6321456987&quot; with &quot;xpath&quot; and &quot;&#x2F;&#x2F;*[@id=&#x27;x_Mobile_Number&#x27;]&quot; (PASSED : 0s)</div>
<div "result">Enter in &quot;New Supplier Adding&quot; with &quot;xpath&quot; and &quot;&#x2F;&#x2F;*[@id=&#x27;x_Notes&#x27;]&quot; (PASSED : 0s)</div>
<div "result">click add button with &quot;id&quot; and &quot;btnAction&quot; (PASSED : 0s)</div>
<div "result">Wait for Confirm ok button with &quot;xpath&quot; and &quot;&#x2F;&#x2F;button[normalize-space()=&#x27;OK!&#x27;]&quot; (PASSED : 0s)</div>
<div "result">Click confirm ok button with &quot;xpath&quot; and &quot;&#x2F;&#x2F;button[normalize-space()=&#x27;OK!&#x27;]&quot; (PASSED : 0s)</div>
<div "result">Wait for alert ok button with &quot;xpath&quot; and &quot;(&#x2F;&#x2F;button[starts-with(text(),&#x27;OK&#x27;)])[6]&quot; (PASSED : 0s)</div>
<div "result">Click Alert ok button with &quot;xpath&quot; and &quot;(&#x2F;&#x2F;button[starts-with(text(),&#x27;OK&#x27;)])[6]&quot; (PASSED : 0s)</div>
Supplier-00000005147      Supplier-00000005147
<div "result">Verify Supplier Number (PASSED : 3s)</div>
<div "result">click logout with &quot;xpath&quot; and &quot;(&#x2F;&#x2F;a[starts-with(text(),&#x27; Logout&#x27;)])[2]&quot; (PASSED : 0s)</div>
<div "result">Close Browser (PASSED : 0s)</div>]]>
    </system-out>
  </testcase> <!-- runScenario -->
  <testcase classname="testRunner.Runner" name="runScenario" time="14.136">
    <system-out>
      <![CDATA[<div "result">Launch Browser (PASSED : 1s)</div>
<div "result">Launch Url (PASSED : 1s)</div>
<div "result">Wait for Username with &quot;xpath&quot; and &quot;&#x2F;&#x2F;input[@id=&#x27;username&#x27;]&quot; (PASSED : 0s)</div>
<div "result">Enter username with &quot;xpath&quot; and &quot;&#x2F;&#x2F;input[@id=&#x27;username&#x27;]&quot; and &quot;admin&quot; (PASSED : 0s)</div>
<div "result">Enter password with &quot;xpath&quot; and &quot;&#x2F;&#x2F;input[@id=&#x27;password&#x27;]&quot; and &quot;master&quot; (PASSED : 0s)</div>
<div "result">Click login button with &quot;id&quot; and &quot;btnsubmit&quot; (PASSED : 0s)</div>
<div "result">wait for logout link with &quot;xpath&quot; and &quot;(&#x2F;&#x2F;a[starts-with(text(),&#x27; Logout&#x27;)])[2]&quot; (PASSED : 0s)</div>
<div "result">Wait for Supplier link with &quot;xpath&quot; and &quot;(&#x2F;&#x2F;a[contains(text(),&#x27;Suppliers&#x27;)])[2]&quot; (PASSED : 0s)</div>
<div "result">Click Supplier link with &quot;xpath&quot; and &quot;(&#x2F;&#x2F;a[contains(text(),&#x27;Suppliers&#x27;)])[2]&quot; (PASSED : 0s)</div>
<div "result">Wait for Add icon with &quot;xpath&quot; and &quot;(&#x2F;&#x2F;span[@data-caption=&#x27;Add&#x27;])[1]&quot; (PASSED : 0s)</div>
<div "result">Click Add icon button with &quot;xpath&quot; and &quot;(&#x2F;&#x2F;span[@data-caption=&#x27;Add&#x27;])[1]&quot; (PASSED : 0s)</div>
<div "result">Wait for Supplier Number with &quot;name&quot; and &quot;x_Supplier_Number&quot; (PASSED : 0s)</div>
<div "result">Capture Supplier Number with &quot;name&quot; and &quot;x_Supplier_Number&quot; (PASSED : 0s)</div>
<div "result">Enter in &quot;selenim143&quot; with &quot;id&quot; and &quot;x_Supplier_Name&quot; (PASSED : 0s)</div>
<div "result">Enter in &quot;srnagar132&quot; with &quot;xpath&quot; and &quot;&#x2F;&#x2F;*[@id=&#x27;x_Address&#x27;]&quot; (PASSED : 0s)</div>
<div "result">Enter in &quot;Hyderabad&quot; with &quot;xpath&quot; and &quot;&#x2F;&#x2F;*[@id=&#x27;x_City&#x27;]&quot; (PASSED : 0s)</div>
<div "result">Enter in &quot;India&quot; with &quot;xpath&quot; and &quot;&#x2F;&#x2F;*[@id=&#x27;x_Country&#x27;]&quot; (PASSED : 0s)</div>
<div "result">Enter in &quot;Qedge361&quot; with &quot;xpath&quot; and &quot;&#x2F;&#x2F;*[@id=&#x27;x_Contact_Person&#x27;]&quot; (PASSED : 0s)</div>
<div "result">Enter in &quot;6547895412&quot; with &quot;xpath&quot; and &quot;&#x2F;&#x2F;*[@id=&#x27;x_Phone_Number&#x27;]&quot; (PASSED : 0s)</div>
<div "result">Enter in &quot;test@gmail.com&quot; with &quot;xpath&quot; and &quot;&#x2F;&#x2F;*[@id=&#x27;x__Email&#x27;]&quot; (PASSED : 0s)</div>
<div "result">Enter in &quot;6321456987&quot; with &quot;xpath&quot; and &quot;&#x2F;&#x2F;*[@id=&#x27;x_Mobile_Number&#x27;]&quot; (PASSED : 0s)</div>
<div "result">Enter in &quot;New Supplier Adding&quot; with &quot;xpath&quot; and &quot;&#x2F;&#x2F;*[@id=&#x27;x_Notes&#x27;]&quot; (PASSED : 0s)</div>
<div "result">click add button with &quot;id&quot; and &quot;btnAction&quot; (PASSED : 0s)</div>
<div "result">Wait for Confirm ok button with &quot;xpath&quot; and &quot;&#x2F;&#x2F;button[normalize-space()=&#x27;OK!&#x27;]&quot; (PASSED : 0s)</div>
<div "result">Click confirm ok button with &quot;xpath&quot; and &quot;&#x2F;&#x2F;button[normalize-space()=&#x27;OK!&#x27;]&quot; (PASSED : 0s)</div>
<div "result">Wait for alert ok button with &quot;xpath&quot; and &quot;(&#x2F;&#x2F;button[starts-with(text(),&#x27;OK&#x27;)])[6]&quot; (PASSED : 0s)</div>
<div "result">Click Alert ok button with &quot;xpath&quot; and &quot;(&#x2F;&#x2F;button[starts-with(text(),&#x27;OK&#x27;)])[6]&quot; (PASSED : 0s)</div>
Supplier-00000005149      Supplier-00000005149
<div "result">Verify Supplier Number (PASSED : 3s)</div>
<div "result">click logout with &quot;xpath&quot; and &quot;(&#x2F;&#x2F;a[starts-with(text(),&#x27; Logout&#x27;)])[2]&quot; (PASSED : 0s)</div>
<div "result">Close Browser (PASSED : 0s)</div>]]>
    </system-out>
  </testcase> <!-- runScenario -->
  <testcase classname="testRunner.Runner" name="runScenario" time="14.566">
    <system-out>
      <![CDATA[<div "result">Launch Browser (PASSED : 1s)</div>
<div "result">Launch Url (PASSED : 1s)</div>
<div "result">Wait for Username with &quot;xpath&quot; and &quot;&#x2F;&#x2F;input[@id=&#x27;username&#x27;]&quot; (PASSED : 0s)</div>
<div "result">Enter username with &quot;xpath&quot; and &quot;&#x2F;&#x2F;input[@id=&#x27;username&#x27;]&quot; and &quot;admin&quot; (PASSED : 0s)</div>
<div "result">Enter password with &quot;xpath&quot; and &quot;&#x2F;&#x2F;input[@id=&#x27;password&#x27;]&quot; and &quot;master&quot; (PASSED : 0s)</div>
<div "result">Click login button with &quot;id&quot; and &quot;btnsubmit&quot; (PASSED : 0s)</div>
<div "result">wait for logout link with &quot;xpath&quot; and &quot;(&#x2F;&#x2F;a[starts-with(text(),&#x27; Logout&#x27;)])[2]&quot; (PASSED : 0s)</div>
<div "result">Wait for Supplier link with &quot;xpath&quot; and &quot;(&#x2F;&#x2F;a[contains(text(),&#x27;Suppliers&#x27;)])[2]&quot; (PASSED : 0s)</div>
<div "result">Click Supplier link with &quot;xpath&quot; and &quot;(&#x2F;&#x2F;a[contains(text(),&#x27;Suppliers&#x27;)])[2]&quot; (PASSED : 0s)</div>
<div "result">Wait for Add icon with &quot;xpath&quot; and &quot;(&#x2F;&#x2F;span[@data-caption=&#x27;Add&#x27;])[1]&quot; (PASSED : 0s)</div>
<div "result">Click Add icon button with &quot;xpath&quot; and &quot;(&#x2F;&#x2F;span[@data-caption=&#x27;Add&#x27;])[1]&quot; (PASSED : 0s)</div>
<div "result">Wait for Supplier Number with &quot;name&quot; and &quot;x_Supplier_Number&quot; (PASSED : 0s)</div>
<div "result">Capture Supplier Number with &quot;name&quot; and &quot;x_Supplier_Number&quot; (PASSED : 0s)</div>
<div "result">Enter in &quot;selenim45&quot; with &quot;id&quot; and &quot;x_Supplier_Name&quot; (PASSED : 0s)</div>
<div "result">Enter in &quot;srnagar51&quot; with &quot;xpath&quot; and &quot;&#x2F;&#x2F;*[@id=&#x27;x_Address&#x27;]&quot; (PASSED : 0s)</div>
<div "result">Enter in &quot;Hyderabad&quot; with &quot;xpath&quot; and &quot;&#x2F;&#x2F;*[@id=&#x27;x_City&#x27;]&quot; (PASSED : 0s)</div>
<div "result">Enter in &quot;India&quot; with &quot;xpath&quot; and &quot;&#x2F;&#x2F;*[@id=&#x27;x_Country&#x27;]&quot; (PASSED : 0s)</div>
<div "result">Enter in &quot;Qedge317&quot; with &quot;xpath&quot; and &quot;&#x2F;&#x2F;*[@id=&#x27;x_Contact_Person&#x27;]&quot; (PASSED : 0s)</div>
<div "result">Enter in &quot;6547895412&quot; with &quot;xpath&quot; and &quot;&#x2F;&#x2F;*[@id=&#x27;x_Phone_Number&#x27;]&quot; (PASSED : 0s)</div>
<div "result">Enter in &quot;test@gmail.com&quot; with &quot;xpath&quot; and &quot;&#x2F;&#x2F;*[@id=&#x27;x__Email&#x27;]&quot; (PASSED : 0s)</div>
<div "result">Enter in &quot;6321456987&quot; with &quot;xpath&quot; and &quot;&#x2F;&#x2F;*[@id=&#x27;x_Mobile_Number&#x27;]&quot; (PASSED : 0s)</div>
<div "result">Enter in &quot;New Supplier Adding&quot; with &quot;xpath&quot; and &quot;&#x2F;&#x2F;*[@id=&#x27;x_Notes&#x27;]&quot; (PASSED : 0s)</div>
<div "result">click add button with &quot;id&quot; and &quot;btnAction&quot; (PASSED : 0s)</div>
<div "result">Wait for Confirm ok button with &quot;xpath&quot; and &quot;&#x2F;&#x2F;button[normalize-space()=&#x27;OK!&#x27;]&quot; (PASSED : 0s)</div>
<div "result">Click confirm ok button with &quot;xpath&quot; and &quot;&#x2F;&#x2F;button[normalize-space()=&#x27;OK!&#x27;]&quot; (PASSED : 0s)</div>
<div "result">Wait for alert ok button with &quot;xpath&quot; and &quot;(&#x2F;&#x2F;button[starts-with(text(),&#x27;OK&#x27;)])[6]&quot; (PASSED : 0s)</div>
<div "result">Click Alert ok button with &quot;xpath&quot; and &quot;(&#x2F;&#x2F;button[starts-with(text(),&#x27;OK&#x27;)])[6]&quot; (PASSED : 0s)</div>
Supplier-00000005151      Supplier-00000005151
<div "result">Verify Supplier Number (PASSED : 4s)</div>
<div "result">click logout with &quot;xpath&quot; and &quot;(&#x2F;&#x2F;a[starts-with(text(),&#x27; Logout&#x27;)])[2]&quot; (PASSED : 0s)</div>
<div "result">Close Browser (PASSED : 0s)</div>]]>
    </system-out>
  </testcase> <!-- runScenario -->
  <system-out>
    <![CDATA[<div "result">Launch Browser (PASSED : 3s)</div>
<div "result">Launch Url (PASSED : 1s)</div>
<div "result">Wait for Username with &quot;xpath&quot; and &quot;&#x2F;&#x2F;input[@id=&#x27;username&#x27;]&quot; (PASSED : 0s)</div>
<div "result">Enter username with &quot;xpath&quot; and &quot;&#x2F;&#x2F;input[@id=&#x27;username&#x27;]&quot; and &quot;admin&quot; (PASSED : 0s)</div>
<div "result">Enter password with &quot;xpath&quot; and &quot;&#x2F;&#x2F;input[@id=&#x27;password&#x27;]&quot; and &quot;master&quot; (PASSED : 0s)</div>
<div "result">Click login button with &quot;id&quot; and &quot;btnsubmit&quot; (PASSED : 0s)</div>
<div "result">wait for logout link with &quot;xpath&quot; and &quot;(&#x2F;&#x2F;a[starts-with(text(),&#x27; Logout&#x27;)])[2]&quot; (PASSED : 0s)</div>
<div "result">Wait for Supplier link with &quot;xpath&quot; and &quot;(&#x2F;&#x2F;a[contains(text(),&#x27;Suppliers&#x27;)])[2]&quot; (PASSED : 0s)</div>
<div "result">Click Supplier link with &quot;xpath&quot; and &quot;(&#x2F;&#x2F;a[contains(text(),&#x27;Suppliers&#x27;)])[2]&quot; (PASSED : 0s)</div>
<div "result">Wait for Add icon with &quot;xpath&quot; and &quot;(&#x2F;&#x2F;span[@data-caption=&#x27;Add&#x27;])[1]&quot; (PASSED : 0s)</div>
<div "result">Click Add icon button with &quot;xpath&quot; and &quot;(&#x2F;&#x2F;span[@data-caption=&#x27;Add&#x27;])[1]&quot; (PASSED : 0s)</div>
<div "result">Wait for Supplier Number with &quot;name&quot; and &quot;x_Supplier_Number&quot; (PASSED : 0s)</div>
<div "result">Capture Supplier Number with &quot;name&quot; and &quot;x_Supplier_Number&quot; (PASSED : 0s)</div>
<div "result">Enter in &quot;selenim1&quot; with &quot;id&quot; and &quot;x_Supplier_Name&quot; (PASSED : 0s)</div>
<div "result">Enter in &quot;srnagar1&quot; with &quot;xpath&quot; and &quot;&#x2F;&#x2F;*[@id=&#x27;x_Address&#x27;]&quot; (PASSED : 0s)</div>
<div "result">Enter in &quot;Hyderabad&quot; with &quot;xpath&quot; and &quot;&#x2F;&#x2F;*[@id=&#x27;x_City&#x27;]&quot; (PASSED : 0s)</div>
<div "result">Enter in &quot;India&quot; with &quot;xpath&quot; and &quot;&#x2F;&#x2F;*[@id=&#x27;x_Country&#x27;]&quot; (PASSED : 0s)</div>
<div "result">Enter in &quot;Qedge31&quot; with &quot;xpath&quot; and &quot;&#x2F;&#x2F;*[@id=&#x27;x_Contact_Person&#x27;]&quot; (PASSED : 0s)</div>
<div "result">Enter in &quot;6547895412&quot; with &quot;xpath&quot; and &quot;&#x2F;&#x2F;*[@id=&#x27;x_Phone_Number&#x27;]&quot; (PASSED : 0s)</div>
<div "result">Enter in &quot;test@gmail.com&quot; with &quot;xpath&quot; and &quot;&#x2F;&#x2F;*[@id=&#x27;x__Email&#x27;]&quot; (PASSED : 0s)</div>
<div "result">Enter in &quot;6321456987&quot; with &quot;xpath&quot; and &quot;&#x2F;&#x2F;*[@id=&#x27;x_Mobile_Number&#x27;]&quot; (PASSED : 0s)</div>
<div "result">Enter in &quot;New Supplier Adding&quot; with &quot;xpath&quot; and &quot;&#x2F;&#x2F;*[@id=&#x27;x_Notes&#x27;]&quot; (PASSED : 0s)</div>
<div "result">click add button with &quot;id&quot; and &quot;btnAction&quot; (PASSED : 0s)</div>
<div "result">Wait for Confirm ok button with &quot;xpath&quot; and &quot;&#x2F;&#x2F;button[normalize-space()=&#x27;OK!&#x27;]&quot; (PASSED : 0s)</div>
<div "result">Click confirm ok button with &quot;xpath&quot; and &quot;&#x2F;&#x2F;button[normalize-space()=&#x27;OK!&#x27;]&quot; (PASSED : 0s)</div>
<div "result">Wait for alert ok button with &quot;xpath&quot; and &quot;(&#x2F;&#x2F;button[starts-with(text(),&#x27;OK&#x27;)])[6]&quot; (PASSED : 0s)</div>
<div "result">Click Alert ok button with &quot;xpath&quot; and &quot;(&#x2F;&#x2F;button[starts-with(text(),&#x27;OK&#x27;)])[6]&quot; (PASSED : 0s)</div>
Supplier-00000005147      Supplier-00000005147
<div "result">Verify Supplier Number (PASSED : 3s)</div>
<div "result">click logout with &quot;xpath&quot; and &quot;(&#x2F;&#x2F;a[starts-with(text(),&#x27; Logout&#x27;)])[2]&quot; (PASSED : 0s)</div>
<div "result">Close Browser (PASSED : 0s)</div>
<div "result">Launch Browser (PASSED : 1s)</div>
<div "result">Launch Url (PASSED : 1s)</div>
<div "result">Wait for Username with &quot;xpath&quot; and &quot;&#x2F;&#x2F;input[@id=&#x27;username&#x27;]&quot; (PASSED : 0s)</div>
<div "result">Enter username with &quot;xpath&quot; and &quot;&#x2F;&#x2F;input[@id=&#x27;username&#x27;]&quot; and &quot;admin&quot; (PASSED : 0s)</div>
<div "result">Enter password with &quot;xpath&quot; and &quot;&#x2F;&#x2F;input[@id=&#x27;password&#x27;]&quot; and &quot;master&quot; (PASSED : 0s)</div>
<div "result">Click login button with &quot;id&quot; and &quot;btnsubmit&quot; (PASSED : 0s)</div>
<div "result">wait for logout link with &quot;xpath&quot; and &quot;(&#x2F;&#x2F;a[starts-with(text(),&#x27; Logout&#x27;)])[2]&quot; (PASSED : 0s)</div>
<div "result">Wait for Supplier link with &quot;xpath&quot; and &quot;(&#x2F;&#x2F;a[contains(text(),&#x27;Suppliers&#x27;)])[2]&quot; (PASSED : 0s)</div>
<div "result">Click Supplier link with &quot;xpath&quot; and &quot;(&#x2F;&#x2F;a[contains(text(),&#x27;Suppliers&#x27;)])[2]&quot; (PASSED : 0s)</div>
<div "result">Wait for Add icon with &quot;xpath&quot; and &quot;(&#x2F;&#x2F;span[@data-caption=&#x27;Add&#x27;])[1]&quot; (PASSED : 0s)</div>
<div "result">Click Add icon button with &quot;xpath&quot; and &quot;(&#x2F;&#x2F;span[@data-caption=&#x27;Add&#x27;])[1]&quot; (PASSED : 0s)</div>
<div "result">Wait for Supplier Number with &quot;name&quot; and &quot;x_Supplier_Number&quot; (PASSED : 0s)</div>
<div "result">Capture Supplier Number with &quot;name&quot; and &quot;x_Supplier_Number&quot; (PASSED : 0s)</div>
<div "result">Enter in &quot;selenim41&quot; with &quot;id&quot; and &quot;x_Supplier_Name&quot; (PASSED : 0s)</div>
<div "result">Enter in &quot;srnagar71&quot; with &quot;xpath&quot; and &quot;&#x2F;&#x2F;*[@id=&#x27;x_Address&#x27;]&quot; (PASSED : 0s)</div>
<div "result">Enter in &quot;Hyderabad&quot; with &quot;xpath&quot; and &quot;&#x2F;&#x2F;*[@id=&#x27;x_City&#x27;]&quot; (PASSED : 0s)</div>
<div "result">Enter in &quot;India&quot; with &quot;xpath&quot; and &quot;&#x2F;&#x2F;*[@id=&#x27;x_Country&#x27;]&quot; (PASSED : 0s)</div>
<div "result">Enter in &quot;Qedge351&quot; with &quot;xpath&quot; and &quot;&#x2F;&#x2F;*[@id=&#x27;x_Contact_Person&#x27;]&quot; (PASSED : 0s)</div>
<div "result">Enter in &quot;6547895412&quot; with &quot;xpath&quot; and &quot;&#x2F;&#x2F;*[@id=&#x27;x_Phone_Number&#x27;]&quot; (PASSED : 0s)</div>
<div "result">Enter in &quot;test@gmail.com&quot; with &quot;xpath&quot; and &quot;&#x2F;&#x2F;*[@id=&#x27;x__Email&#x27;]&quot; (PASSED : 0s)</div>
<div "result">Enter in &quot;6321456987&quot; with &quot;xpath&quot; and &quot;&#x2F;&#x2F;*[@id=&#x27;x_Mobile_Number&#x27;]&quot; (PASSED : 0s)</div>
<div "result">Enter in &quot;New Supplier Adding&quot; with &quot;xpath&quot; and &quot;&#x2F;&#x2F;*[@id=&#x27;x_Notes&#x27;]&quot; (PASSED : 0s)</div>
<div "result">click add button with &quot;id&quot; and &quot;btnAction&quot; (PASSED : 0s)</div>
<div "result">Wait for Confirm ok button with &quot;xpath&quot; and &quot;&#x2F;&#x2F;button[normalize-space()=&#x27;OK!&#x27;]&quot; (PASSED : 0s)</div>
<div "result">Click confirm ok button with &quot;xpath&quot; and &quot;&#x2F;&#x2F;button[normalize-space()=&#x27;OK!&#x27;]&quot; (PASSED : 0s)</div>
<div "result">Wait for alert ok button with &quot;xpath&quot; and &quot;(&#x2F;&#x2F;button[starts-with(text(),&#x27;OK&#x27;)])[6]&quot; (PASSED : 0s)</div>
<div "result">Click Alert ok button with &quot;xpath&quot; and &quot;(&#x2F;&#x2F;button[starts-with(text(),&#x27;OK&#x27;)])[6]&quot; (PASSED : 0s)</div>
Supplier-00000005148      Supplier-00000005148
<div "result">Verify Supplier Number (PASSED : 3s)</div>
<div "result">click logout with &quot;xpath&quot; and &quot;(&#x2F;&#x2F;a[starts-with(text(),&#x27; Logout&#x27;)])[2]&quot; (PASSED : 0s)</div>
<div "result">Close Browser (PASSED : 0s)</div>
<div "result">Launch Browser (PASSED : 1s)</div>
<div "result">Launch Url (PASSED : 1s)</div>
<div "result">Wait for Username with &quot;xpath&quot; and &quot;&#x2F;&#x2F;input[@id=&#x27;username&#x27;]&quot; (PASSED : 0s)</div>
<div "result">Enter username with &quot;xpath&quot; and &quot;&#x2F;&#x2F;input[@id=&#x27;username&#x27;]&quot; and &quot;admin&quot; (PASSED : 0s)</div>
<div "result">Enter password with &quot;xpath&quot; and &quot;&#x2F;&#x2F;input[@id=&#x27;password&#x27;]&quot; and &quot;master&quot; (PASSED : 0s)</div>
<div "result">Click login button with &quot;id&quot; and &quot;btnsubmit&quot; (PASSED : 0s)</div>
<div "result">wait for logout link with &quot;xpath&quot; and &quot;(&#x2F;&#x2F;a[starts-with(text(),&#x27; Logout&#x27;)])[2]&quot; (PASSED : 0s)</div>
<div "result">Wait for Supplier link with &quot;xpath&quot; and &quot;(&#x2F;&#x2F;a[contains(text(),&#x27;Suppliers&#x27;)])[2]&quot; (PASSED : 0s)</div>
<div "result">Click Supplier link with &quot;xpath&quot; and &quot;(&#x2F;&#x2F;a[contains(text(),&#x27;Suppliers&#x27;)])[2]&quot; (PASSED : 0s)</div>
<div "result">Wait for Add icon with &quot;xpath&quot; and &quot;(&#x2F;&#x2F;span[@data-caption=&#x27;Add&#x27;])[1]&quot; (PASSED : 0s)</div>
<div "result">Click Add icon button with &quot;xpath&quot; and &quot;(&#x2F;&#x2F;span[@data-caption=&#x27;Add&#x27;])[1]&quot; (PASSED : 0s)</div>
<div "result">Wait for Supplier Number with &quot;name&quot; and &quot;x_Supplier_Number&quot; (PASSED : 0s)</div>
<div "result">Capture Supplier Number with &quot;name&quot; and &quot;x_Supplier_Number&quot; (PASSED : 0s)</div>
<div "result">Enter in &quot;selenim143&quot; with &quot;id&quot; and &quot;x_Supplier_Name&quot; (PASSED : 0s)</div>
<div "result">Enter in &quot;srnagar132&quot; with &quot;xpath&quot; and &quot;&#x2F;&#x2F;*[@id=&#x27;x_Address&#x27;]&quot; (PASSED : 0s)</div>
<div "result">Enter in &quot;Hyderabad&quot; with &quot;xpath&quot; and &quot;&#x2F;&#x2F;*[@id=&#x27;x_City&#x27;]&quot; (PASSED : 0s)</div>
<div "result">Enter in &quot;India&quot; with &quot;xpath&quot; and &quot;&#x2F;&#x2F;*[@id=&#x27;x_Country&#x27;]&quot; (PASSED : 0s)</div>
<div "result">Enter in &quot;Qedge361&quot; with &quot;xpath&quot; and &quot;&#x2F;&#x2F;*[@id=&#x27;x_Contact_Person&#x27;]&quot; (PASSED : 0s)</div>
<div "result">Enter in &quot;6547895412&quot; with &quot;xpath&quot; and &quot;&#x2F;&#x2F;*[@id=&#x27;x_Phone_Number&#x27;]&quot; (PASSED : 0s)</div>
<div "result">Enter in &quot;test@gmail.com&quot; with &quot;xpath&quot; and &quot;&#x2F;&#x2F;*[@id=&#x27;x__Email&#x27;]&quot; (PASSED : 0s)</div>
<div "result">Enter in &quot;6321456987&quot; with &quot;xpath&quot; and &quot;&#x2F;&#x2F;*[@id=&#x27;x_Mobile_Number&#x27;]&quot; (PASSED : 0s)</div>
<div "result">Enter in &quot;New Supplier Adding&quot; with &quot;xpath&quot; and &quot;&#x2F;&#x2F;*[@id=&#x27;x_Notes&#x27;]&quot; (PASSED : 0s)</div>
<div "result">click add button with &quot;id&quot; and &quot;btnAction&quot; (PASSED : 0s)</div>
<div "result">Wait for Confirm ok button with &quot;xpath&quot; and &quot;&#x2F;&#x2F;button[normalize-space()=&#x27;OK!&#x27;]&quot; (PASSED : 0s)</div>
<div "result">Click confirm ok button with &quot;xpath&quot; and &quot;&#x2F;&#x2F;button[normalize-space()=&#x27;OK!&#x27;]&quot; (PASSED : 0s)</div>
<div "result">Wait for alert ok button with &quot;xpath&quot; and &quot;(&#x2F;&#x2F;button[starts-with(text(),&#x27;OK&#x27;)])[6]&quot; (PASSED : 0s)</div>
<div "result">Click Alert ok button with &quot;xpath&quot; and &quot;(&#x2F;&#x2F;button[starts-with(text(),&#x27;OK&#x27;)])[6]&quot; (PASSED : 0s)</div>
Supplier-00000005149      Supplier-00000005149
<div "result">Verify Supplier Number (PASSED : 3s)</div>
<div "result">click logout with &quot;xpath&quot; and &quot;(&#x2F;&#x2F;a[starts-with(text(),&#x27; Logout&#x27;)])[2]&quot; (PASSED : 0s)</div>
<div "result">Close Browser (PASSED : 0s)</div>
<div "result">Launch Browser (PASSED : 1s)</div>
<div "result">Launch Url (PASSED : 1s)</div>
<div "result">Wait for Username with &quot;xpath&quot; and &quot;&#x2F;&#x2F;input[@id=&#x27;username&#x27;]&quot; (PASSED : 0s)</div>
<div "result">Enter username with &quot;xpath&quot; and &quot;&#x2F;&#x2F;input[@id=&#x27;username&#x27;]&quot; and &quot;admin&quot; (PASSED : 0s)</div>
<div "result">Enter password with &quot;xpath&quot; and &quot;&#x2F;&#x2F;input[@id=&#x27;password&#x27;]&quot; and &quot;master&quot; (PASSED : 0s)</div>
<div "result">Click login button with &quot;id&quot; and &quot;btnsubmit&quot; (PASSED : 0s)</div>
<div "result">wait for logout link with &quot;xpath&quot; and &quot;(&#x2F;&#x2F;a[starts-with(text(),&#x27; Logout&#x27;)])[2]&quot; (PASSED : 0s)</div>
<div "result">Wait for Supplier link with &quot;xpath&quot; and &quot;(&#x2F;&#x2F;a[contains(text(),&#x27;Suppliers&#x27;)])[2]&quot; (PASSED : 0s)</div>
<div "result">Click Supplier link with &quot;xpath&quot; and &quot;(&#x2F;&#x2F;a[contains(text(),&#x27;Suppliers&#x27;)])[2]&quot; (PASSED : 0s)</div>
<div "result">Wait for Add icon with &quot;xpath&quot; and &quot;(&#x2F;&#x2F;span[@data-caption=&#x27;Add&#x27;])[1]&quot; (PASSED : 0s)</div>
<div "result">Click Add icon button with &quot;xpath&quot; and &quot;(&#x2F;&#x2F;span[@data-caption=&#x27;Add&#x27;])[1]&quot; (PASSED : 0s)</div>
<div "result">Wait for Supplier Number with &quot;name&quot; and &quot;x_Supplier_Number&quot; (PASSED : 0s)</div>
<div "result">Capture Supplier Number with &quot;name&quot; and &quot;x_Supplier_Number&quot; (PASSED : 0s)</div>
<div "result">Enter in &quot;selenim132&quot; with &quot;id&quot; and &quot;x_Supplier_Name&quot; (PASSED : 0s)</div>
<div "result">Enter in &quot;srnagar51&quot; with &quot;xpath&quot; and &quot;&#x2F;&#x2F;*[@id=&#x27;x_Address&#x27;]&quot; (PASSED : 0s)</div>
<div "result">Enter in &quot;Hyderabad&quot; with &quot;xpath&quot; and &quot;&#x2F;&#x2F;*[@id=&#x27;x_City&#x27;]&quot; (PASSED : 0s)</div>
<div "result">Enter in &quot;India&quot; with &quot;xpath&quot; and &quot;&#x2F;&#x2F;*[@id=&#x27;x_Country&#x27;]&quot; (PASSED : 0s)</div>
<div "result">Enter in &quot;Qedge371&quot; with &quot;xpath&quot; and &quot;&#x2F;&#x2F;*[@id=&#x27;x_Contact_Person&#x27;]&quot; (PASSED : 0s)</div>
<div "result">Enter in &quot;6547895412&quot; with &quot;xpath&quot; and &quot;&#x2F;&#x2F;*[@id=&#x27;x_Phone_Number&#x27;]&quot; (PASSED : 0s)</div>
<div "result">Enter in &quot;test@gmail.com&quot; with &quot;xpath&quot; and &quot;&#x2F;&#x2F;*[@id=&#x27;x__Email&#x27;]&quot; (PASSED : 0s)</div>
<div "result">Enter in &quot;6321456987&quot; with &quot;xpath&quot; and &quot;&#x2F;&#x2F;*[@id=&#x27;x_Mobile_Number&#x27;]&quot; (PASSED : 0s)</div>
<div "result">Enter in &quot;New Supplier Adding&quot; with &quot;xpath&quot; and &quot;&#x2F;&#x2F;*[@id=&#x27;x_Notes&#x27;]&quot; (PASSED : 0s)</div>
<div "result">click add button with &quot;id&quot; and &quot;btnAction&quot; (PASSED : 0s)</div>
<div "result">Wait for Confirm ok button with &quot;xpath&quot; and &quot;&#x2F;&#x2F;button[normalize-space()=&#x27;OK!&#x27;]&quot; (PASSED : 0s)</div>
<div "result">Click confirm ok button with &quot;xpath&quot; and &quot;&#x2F;&#x2F;button[normalize-space()=&#x27;OK!&#x27;]&quot; (PASSED : 0s)</div>
<div "result">Wait for alert ok button with &quot;xpath&quot; and &quot;(&#x2F;&#x2F;button[starts-with(text(),&#x27;OK&#x27;)])[6]&quot; (PASSED : 0s)</div>
<div "result">Click Alert ok button with &quot;xpath&quot; and &quot;(&#x2F;&#x2F;button[starts-with(text(),&#x27;OK&#x27;)])[6]&quot; (PASSED : 0s)</div>
Supplier-00000005150      Supplier-00000005150
<div "result">Verify Supplier Number (PASSED : 3s)</div>
<div "result">click logout with &quot;xpath&quot; and &quot;(&#x2F;&#x2F;a[starts-with(text(),&#x27; Logout&#x27;)])[2]&quot; (PASSED : 0s)</div>
<div "result">Close Browser (PASSED : 0s)</div>
<div "result">Launch Browser (PASSED : 1s)</div>
<div "result">Launch Url (PASSED : 1s)</div>
<div "result">Wait for Username with &quot;xpath&quot; and &quot;&#x2F;&#x2F;input[@id=&#x27;username&#x27;]&quot; (PASSED : 0s)</div>
<div "result">Enter username with &quot;xpath&quot; and &quot;&#x2F;&#x2F;input[@id=&#x27;username&#x27;]&quot; and &quot;admin&quot; (PASSED : 0s)</div>
<div "result">Enter password with &quot;xpath&quot; and &quot;&#x2F;&#x2F;input[@id=&#x27;password&#x27;]&quot; and &quot;master&quot; (PASSED : 0s)</div>
<div "result">Click login button with &quot;id&quot; and &quot;btnsubmit&quot; (PASSED : 0s)</div>
<div "result">wait for logout link with &quot;xpath&quot; and &quot;(&#x2F;&#x2F;a[starts-with(text(),&#x27; Logout&#x27;)])[2]&quot; (PASSED : 0s)</div>
<div "result">Wait for Supplier link with &quot;xpath&quot; and &quot;(&#x2F;&#x2F;a[contains(text(),&#x27;Suppliers&#x27;)])[2]&quot; (PASSED : 0s)</div>
<div "result">Click Supplier link with &quot;xpath&quot; and &quot;(&#x2F;&#x2F;a[contains(text(),&#x27;Suppliers&#x27;)])[2]&quot; (PASSED : 0s)</div>
<div "result">Wait for Add icon with &quot;xpath&quot; and &quot;(&#x2F;&#x2F;span[@data-caption=&#x27;Add&#x27;])[1]&quot; (PASSED : 0s)</div>
<div "result">Click Add icon button with &quot;xpath&quot; and &quot;(&#x2F;&#x2F;span[@data-caption=&#x27;Add&#x27;])[1]&quot; (PASSED : 0s)</div>
<div "result">Wait for Supplier Number with &quot;name&quot; and &quot;x_Supplier_Number&quot; (PASSED : 0s)</div>
<div "result">Capture Supplier Number with &quot;name&quot; and &quot;x_Supplier_Number&quot; (PASSED : 0s)</div>
<div "result">Enter in &quot;selenim45&quot; with &quot;id&quot; and &quot;x_Supplier_Name&quot; (PASSED : 0s)</div>
<div "result">Enter in &quot;srnagar51&quot; with &quot;xpath&quot; and &quot;&#x2F;&#x2F;*[@id=&#x27;x_Address&#x27;]&quot; (PASSED : 0s)</div>
<div "result">Enter in &quot;Hyderabad&quot; with &quot;xpath&quot; and &quot;&#x2F;&#x2F;*[@id=&#x27;x_City&#x27;]&quot; (PASSED : 0s)</div>
<div "result">Enter in &quot;India&quot; with &quot;xpath&quot; and &quot;&#x2F;&#x2F;*[@id=&#x27;x_Country&#x27;]&quot; (PASSED : 0s)</div>
<div "result">Enter in &quot;Qedge317&quot; with &quot;xpath&quot; and &quot;&#x2F;&#x2F;*[@id=&#x27;x_Contact_Person&#x27;]&quot; (PASSED : 0s)</div>
<div "result">Enter in &quot;6547895412&quot; with &quot;xpath&quot; and &quot;&#x2F;&#x2F;*[@id=&#x27;x_Phone_Number&#x27;]&quot; (PASSED : 0s)</div>
<div "result">Enter in &quot;test@gmail.com&quot; with &quot;xpath&quot; and &quot;&#x2F;&#x2F;*[@id=&#x27;x__Email&#x27;]&quot; (PASSED : 0s)</div>
<div "result">Enter in &quot;6321456987&quot; with &quot;xpath&quot; and &quot;&#x2F;&#x2F;*[@id=&#x27;x_Mobile_Number&#x27;]&quot; (PASSED : 0s)</div>
<div "result">Enter in &quot;New Supplier Adding&quot; with &quot;xpath&quot; and &quot;&#x2F;&#x2F;*[@id=&#x27;x_Notes&#x27;]&quot; (PASSED : 0s)</div>
<div "result">click add button with &quot;id&quot; and &quot;btnAction&quot; (PASSED : 0s)</div>
<div "result">Wait for Confirm ok button with &quot;xpath&quot; and &quot;&#x2F;&#x2F;button[normalize-space()=&#x27;OK!&#x27;]&quot; (PASSED : 0s)</div>
<div "result">Click confirm ok button with &quot;xpath&quot; and &quot;&#x2F;&#x2F;button[normalize-space()=&#x27;OK!&#x27;]&quot; (PASSED : 0s)</div>
<div "result">Wait for alert ok button with &quot;xpath&quot; and &quot;(&#x2F;&#x2F;button[starts-with(text(),&#x27;OK&#x27;)])[6]&quot; (PASSED : 0s)</div>
<div "result">Click Alert ok button with &quot;xpath&quot; and &quot;(&#x2F;&#x2F;button[starts-with(text(),&#x27;OK&#x27;)])[6]&quot; (PASSED : 0s)</div>
Supplier-00000005151      Supplier-00000005151
<div "result">Verify Supplier Number (PASSED : 4s)</div>
<div "result">click logout with &quot;xpath&quot; and &quot;(&#x2F;&#x2F;a[starts-with(text(),&#x27; Logout&#x27;)])[2]&quot; (PASSED : 0s)</div>
<div "result">Close Browser (PASSED : 0s)</div>]]>
  </system-out>
</testsuite> <!-- testRunner.Runner -->
